2021-01-14T03:28:40.224Z [info] [addon/helpers/sound-duration.js]: SUCCESS
2021-01-14T03:28:40.332Z [info] [addon/helpers/hifi-sound-is-loading.js]: SUCCESS
2021-01-14T03:28:41.191Z [warn] [addon/helpers/load-sound.js]: FAILURE
Validation errors:
	[load]: Transform not supported - need option '--decorators=true' or the property type CallExpression can not be transformed
2021-01-14T03:28:41.198Z [info] [addon/helpers/sound-is-playing.js]: SUCCESS
2021-01-14T03:28:41.238Z [info] [addon/helpers/hifi-sound-is-playing.js]: SUCCESS
2021-01-14T03:28:41.467Z [info] [addon/helpers/play-sound.js]: SUCCESS
2021-01-14T03:28:42.195Z [info] [addon/helpers/one-at-a-time.js]: SUCCESS
2021-01-14T03:31:39.847Z [info] [addon/services/hifi-cache.js]: SUCCESS
2021-01-14T03:39:22.158Z [info] [addon/services/hifi-sync.js]: SUCCESS
2021-01-14T03:40:37.690Z [warn] [addon/services/hifi.js]: SKIPPED Could not find runtime data NO_RUNTIME_DATA
2021-01-14T03:48:28.802Z [warn] [addon/services/hifi.js]: SKIPPED Could not find runtime data NO_RUNTIME_DATA
2021-01-14T03:50:06.664Z [warn] [addon/services/hifi-sync.js]: SKIPPED Could not find runtime data NO_RUNTIME_DATA
2021-01-14T03:52:25.733Z [warn] [addon/services/hifi-sync.js]: SKIPPED Could not find runtime data NO_RUNTIME_DATA
2021-01-14T04:07:28.835Z [info] [addon/services/hifi.js]: SUCCESS
2021-01-14T04:08:33.660Z [info] [addon/services/hifi.js]: SUCCESS
2021-01-14T04:09:43.333Z [info] [addon/services/hifi.js]: SUCCESS
2021-01-14T04:13:17.334Z [info] [addon/services/hifi.js]: SUCCESS
2021-01-14T04:20:10.836Z [info] [addon/services/hifi.js]: SUCCESS
2021-01-14T04:21:02.385Z [info] [addon/services/hifi.js]: SUCCESS
2021-01-14T04:21:59.528Z [info] [addon/services/hifi.js]: SUCCESS
2021-01-14T04:30:37.409Z [info] [addon/services/hifi.js]: SUCCESS
2021-01-14T04:35:16.513Z [info] [addon/services/hifi-b.js]: SUCCESS
2021-01-14T04:36:30.387Z [info] [addon/services/hifi.js]: SUCCESS
2021-01-14T04:37:33.274Z [info] [addon/services/hifi.js]: SUCCESS
2021-01-14T04:38:25.491Z [info] [addon/services/hifi-b.js]: SUCCESS
2021-01-14T04:39:42.327Z [info] [addon/services/hifi-b.js]: SUCCESS
2021-01-14T22:50:33.716Z [warn] WARNING: {{header.link}} was not converted as it has positional parameters which can't be automatically converted. Source: tests/dummy/app/templates/application.hbs
2021-01-14T22:50:34.143Z [warn] WARNING: {{nav.section}} was not converted as it has positional parameters which can't be automatically converted. Source: tests/dummy/app/templates/docs.hbs
2021-01-14T22:50:34.217Z [warn] WARNING: {{nav.item}} was not converted as it has positional parameters which can't be automatically converted. Source: tests/dummy/app/templates/docs.hbs
2021-01-14T22:50:34.217Z [warn] WARNING: {{nav.item}} was not converted as it has positional parameters which can't be automatically converted. Source: tests/dummy/app/templates/docs.hbs
2021-01-14T22:50:34.219Z [warn] WARNING: {{nav.section}} was not converted as it has positional parameters which can't be automatically converted. Source: tests/dummy/app/templates/diagnostic.hbs
2021-01-14T22:50:34.219Z [warn] WARNING: {{nav.item}} was not converted as it has positional parameters which can't be automatically converted. Source: tests/dummy/app/templates/diagnostic.hbs
2021-01-14T22:50:34.219Z [warn] WARNING: {{nav.item}} was not converted as it has positional parameters which can't be automatically converted. Source: tests/dummy/app/templates/diagnostic.hbs
2021-01-14T22:50:34.288Z [warn] WARNING: {{demo.snippet}} was not converted as it has positional parameters which can't be automatically converted. Source: tests/dummy/app/templates/docs/usage.hbs
2021-01-14T22:50:34.292Z [warn] WARNING: {{demo.snippet}} was not converted as it has positional parameters which can't be automatically converted. Source: tests/dummy/app/templates/docs/usage.hbs
2021-01-14T22:50:34.295Z [warn] WARNING: {{demo.snippet}} was not converted as it has positional parameters which can't be automatically converted. Source: tests/dummy/app/templates/docs/usage.hbs
2021-01-14T22:50:34.296Z [warn] WARNING: {{demo.snippet}} was not converted as it has positional parameters which can't be automatically converted. Source: tests/dummy/app/templates/docs/usage.hbs
